

Microchip Technology PIC18 LITE Macro Assembler V1.35 build -356382666 
                                                                                               Sat May 14 19:46:07 2022

Microchip Technology Omniscient Code Generator v1.35 (Free mode) build 201507080246
     1                           	processor	18F4550
     2                           	fnconf	rparam,??,?,0
     3                           	opt	pw 120
     4                           	opt	lm
     5                           	psect	cinit,global,reloc=2,class=CODE,delta=1
     6                           	psect	cstackCOMRAM,global,class=COMRAM,space=1,delta=1
     7                           	psect	text0,global,reloc=2,class=CODE,delta=1
     8                           	psect	text1,global,reloc=2,class=CODE,delta=1
     9                           	psect	text2,global,reloc=2,class=CODE,delta=1
    10                           	psect	intsave_regs,global,class=BIGRAM,space=1,delta=1
    11                           	psect	rparam,global,class=COMRAM,space=1,delta=1
    12  0000                     _LATAbits	set	3977
    13  0000                     _LATCbits	set	3979
    14  0000                     _LATEbits	set	3981
    15  0000                     _TRISAbits	set	3986
    16  0000                     _TRISCbits	set	3988
    17  0000                     _TRISEbits	set	3990
    18  0000                     _TRISC6	set	31910
    19  0000                     _TRISC7	set	31911
    20  0000                     _ADCON0bits	set	4034
    21  0000                     _ADCON1	set	4033
    22  0000                     _CMCON	set	4020
    23  0000                     _OSCCON	set	4051
    24  0000                     _RCSTA	set	4011
    25  0000                     _SPBRG	set	4015
    26  0000                     _TXSTA	set	4012
    27  0000                     _INTCON2	set	4081
    28                           
    29                           ; #config settings
    30  0000                     
    31                           	psect	cinit
    32  007BB0                     __pcinit:
    33                           	opt stack 0
    34  007BB0                     start_initialization:
    35                           	opt stack 0
    36  007BB0                     __initialization:
    37                           	opt stack 0
    38  007BB0                     end_of_initialization:
    39                           	opt stack 0
    40  007BB0                     __end_of__initialization:
    41                           	opt stack 0
    42  007BB0  0100               	movlb	0
    43  007BB2  EFDB  F03D         	goto	_main	;jump to C main() function
    44                           
    45                           	psect	cstackCOMRAM
    46  000001                     __pcstackCOMRAM:
    47                           	opt stack 0
    48  000001                     ?___awdiv:
    49                           	opt stack 0
    50  000001                     ___awdiv@dividend:
    51                           	opt stack 0
    52                           
    53                           ; 2 bytes @ 0x0
    54  000001                     	ds	2
    55  000003                     ___awdiv@divisor:
    56                           	opt stack 0
    57                           
    58                           ; 2 bytes @ 0x2
    59  000003                     	ds	2
    60  000005                     ___awdiv@counter:
    61                           	opt stack 0
    62                           
    63                           ; 1 bytes @ 0x4
    64  000005                     	ds	1
    65  000006                     ___awdiv@sign:
    66                           	opt stack 0
    67                           
    68                           ; 1 bytes @ 0x5
    69  000006                     	ds	1
    70  000007                     ___awdiv@quotient:
    71                           	opt stack 0
    72                           
    73                           ; 2 bytes @ 0x6
    74  000007                     	ds	2
    75  000009                     delayInMs@ms:
    76                           	opt stack 0
    77                           
    78                           ; 2 bytes @ 0x8
    79  000009                     	ds	2
    80  00000B                     ??_delayInMs:
    81                           
    82                           ; 0 bytes @ 0xA
    83  00000B                     	ds	1
    84  00000C                     delayInMs@i:
    85                           	opt stack 0
    86                           
    87                           ; 2 bytes @ 0xB
    88  00000C                     	ds	2
    89  00000E                     ??_main:
    90                           
    91                           ; 0 bytes @ 0xD
    92  00000E                     	ds	1
    93                           
    94 ;;
    95 ;;Main: autosize = 0, tempsize = 1, incstack = 0, save=0
    96 ;;
    97 ;; *************** function _main *****************
    98 ;; Defined at:
    99 ;;		line 13 in file "solenoid.c"
   100 ;; Parameters:    Size  Location     Type
   101 ;;		None
   102 ;; Auto vars:     Size  Location     Type
   103 ;;		None
   104 ;; Return value:  Size  Location     Type
   105 ;;		None               void
   106 ;; Registers used:
   107 ;;		wreg, status,2, status,0, cstack
   108 ;; Tracked objects:
   109 ;;		On entry : 0/0
   110 ;;		On exit  : 0/0
   111 ;;		Unchanged: 0/0
   112 ;; Data sizes:     COMRAM   BANK0   BANK1   BANK2   BANK3   BANK4   BANK5   BANK6   BANK7
   113 ;;      Params:         0       0       0       0       0       0       0       0       0
   114 ;;      Locals:         0       0       0       0       0       0       0       0       0
   115 ;;      Temps:          1       0       0       0       0       0       0       0       0
   116 ;;      Totals:         1       0       0       0       0       0       0       0       0
   117 ;;Total ram usage:        1 bytes
   118 ;; Hardware stack levels required when called:    2
   119 ;; This function calls:
   120 ;;		_delayInMs
   121 ;; This function is called by:
   122 ;;		Startup code after reset
   123 ;; This function uses a non-reentrant model
   124 ;;
   125                           
   126                           	psect	text0
   127  007BB6                     __ptext0:
   128                           	opt stack 0
   129  007BB6                     _main:
   130                           	opt stack 29
   131                           
   132                           ;solenoid.c: 14: LATAbits.LATA2 = 1;
   133                           
   134                           ;incstack = 0
   135  007BB6  8489               	bsf	3977,2,c	;volatile
   136                           
   137                           ;solenoid.c: 15: delayInMs(2000);
   138  007BB8  0E07               	movlw	7
   139  007BBA  6E0A               	movwf	delayInMs@ms+1,c
   140  007BBC  0ED0               	movlw	208
   141  007BBE  6E09               	movwf	delayInMs@ms,c
   142  007BC0  EC00  F03E         	call	_delayInMs	;wreg free
   143  007BC4                     l846:
   144                           
   145                           ;solenoid.c: 17: LATAbits.LATA2 = ~LATAbits.LATA2;
   146  007BC4  A489               	btfss	3977,2,c	;volatile
   147  007BC6  D002               	goto	u230
   148  007BC8  0E01               	movlw	1
   149  007BCA  D001               	goto	u236
   150  007BCC                     u230:
   151  007BCC  0E00               	movlw	0
   152  007BCE                     u236:
   153  007BCE  0AFF               	xorlw	255
   154  007BD0  6E0E               	movwf	??_main& (0+255),c
   155  007BD2  460E               	rlncf	??_main,f,c
   156  007BD4  460E               	rlncf	??_main,f,c
   157  007BD6  5089               	movf	3977,w,c	;volatile
   158  007BD8  180E               	xorwf	??_main,w,c
   159  007BDA  0BFB               	andlw	-5
   160  007BDC  180E               	xorwf	??_main,w,c
   161  007BDE  6E89               	movwf	3977,c	;volatile
   162                           
   163                           ;solenoid.c: 18: if (LATAbits.LATA2 == 1) {
   164  007BE0  A489               	btfss	3977,2,c	;volatile
   165  007BE2  D007               	goto	l852
   166                           
   167                           ;solenoid.c: 19: delayInMs(2000);
   168  007BE4  0E07               	movlw	7
   169  007BE6  6E0A               	movwf	delayInMs@ms+1,c
   170  007BE8  0ED0               	movlw	208
   171  007BEA  6E09               	movwf	delayInMs@ms,c
   172  007BEC  EC00  F03E         	call	_delayInMs	;wreg free
   173                           
   174                           ;solenoid.c: 20: } else {
   175  007BF0  D7E9               	goto	l846
   176  007BF2                     l852:
   177                           
   178                           ;solenoid.c: 21: delayInMs(1000);
   179  007BF2  0E03               	movlw	3
   180  007BF4  6E0A               	movwf	delayInMs@ms+1,c
   181  007BF6  0EE8               	movlw	232
   182  007BF8  6E09               	movwf	delayInMs@ms,c
   183  007BFA  EC00  F03E         	call	_delayInMs	;wreg free
   184  007BFE  D7E2               	goto	l846
   185  007C00                     __end_of_main:
   186                           	opt stack 0
   187                           
   188 ;; *************** function _delayInMs *****************
   189 ;; Defined at:
   190 ;;		line 15 in file "../eLock.X/common.c"
   191 ;; Parameters:    Size  Location     Type
   192 ;;  ms              2    8[COMRAM] int 
   193 ;; Auto vars:     Size  Location     Type
   194 ;;  i               2   11[COMRAM] int 
   195 ;; Return value:  Size  Location     Type
   196 ;;		None               void
   197 ;; Registers used:
   198 ;;		wreg, status,2, status,0, cstack
   199 ;; Tracked objects:
   200 ;;		On entry : 0/0
   201 ;;		On exit  : 0/0
   202 ;;		Unchanged: 0/0
   203 ;; Data sizes:     COMRAM   BANK0   BANK1   BANK2   BANK3   BANK4   BANK5   BANK6   BANK7
   204 ;;      Params:         2       0       0       0       0       0       0       0       0
   205 ;;      Locals:         2       0       0       0       0       0       0       0       0
   206 ;;      Temps:          1       0       0       0       0       0       0       0       0
   207 ;;      Totals:         5       0       0       0       0       0       0       0       0
   208 ;;Total ram usage:        5 bytes
   209 ;; Hardware stack levels used:    1
   210 ;; Hardware stack levels required when called:    1
   211 ;; This function calls:
   212 ;;		___awdiv
   213 ;; This function is called by:
   214 ;;		_main
   215 ;; This function uses a non-reentrant model
   216 ;;
   217                           
   218                           	psect	text1
   219  007C00                     __ptext1:
   220                           	opt stack 0
   221  007C00                     _delayInMs:
   222                           	opt stack 29
   223                           
   224                           ;common.c: 16: if (ms/10 > 1) {
   225                           
   226                           ;incstack = 0
   227  007C00  C009  F001         	movff	delayInMs@ms,___awdiv@dividend
   228  007C04  C00A  F002         	movff	delayInMs@ms+1,___awdiv@dividend+1
   229  007C08  0E00               	movlw	0
   230  007C0A  6E04               	movwf	___awdiv@divisor+1,c
   231  007C0C  0E0A               	movlw	10
   232  007C0E  6E03               	movwf	___awdiv@divisor,c
   233  007C10  EC3E  F03E         	call	___awdiv	;wreg free
   234  007C14  BE02               	btfsc	?___awdiv+1,7,c
   235  007C16  D02A               	goto	l830
   236  007C18  5002               	movf	?___awdiv+1,w,c
   237  007C1A  E104               	bnz	u190
   238  007C1C  0E02               	movlw	2
   239  007C1E  5C01               	subwf	?___awdiv,w,c
   240  007C20  A0D8               	btfss	status,0,c
   241  007C22  D024               	goto	l830
   242  007C24                     u190:
   243                           
   244                           ;common.c: 17: for (int i = 0; i < ms / 10; i++) {
   245  007C24  0E00               	movlw	0
   246  007C26  6E0D               	movwf	delayInMs@i+1,c
   247  007C28  0E00               	movlw	0
   248  007C2A  6E0C               	movwf	delayInMs@i,c
   249  007C2C  D00A               	goto	l828
   250  007C2E                     l824:
   251                           
   252                           ;common.c: 18: _delay((unsigned long)((10)*(8000000/4000.0)));
   253  007C2E  0E1A               	movlw	26
   254  007C30  6E0B               	movwf	??_delayInMs& (0+255),c
   255  007C32  0EF8               	movlw	248
   256  007C34                     u257:
   257  007C34  2EE8               	decfsz	wreg,f,c
   258  007C36  D7FE               	goto	u257
   259  007C38  2E0B               	decfsz	??_delayInMs& (0+255),f,c
   260  007C3A  D7FC               	goto	u257
   261  007C3C  D000               	nop2	
   262  007C3E  4A0C               	infsnz	delayInMs@i,f,c
   263  007C40  2A0D               	incf	delayInMs@i+1,f,c
   264  007C42                     l828:
   265  007C42  C009  F001         	movff	delayInMs@ms,___awdiv@dividend
   266  007C46  C00A  F002         	movff	delayInMs@ms+1,___awdiv@dividend+1
   267  007C4A  0E00               	movlw	0
   268  007C4C  6E04               	movwf	___awdiv@divisor+1,c
   269  007C4E  0E0A               	movlw	10
   270  007C50  6E03               	movwf	___awdiv@divisor,c
   271  007C52  EC3E  F03E         	call	___awdiv	;wreg free
   272  007C56  5001               	movf	?___awdiv,w,c
   273  007C58  5C0C               	subwf	delayInMs@i,w,c
   274  007C5A  500D               	movf	delayInMs@i+1,w,c
   275  007C5C  0A80               	xorlw	128
   276  007C5E  6E0B               	movwf	??_delayInMs& (0+255),c
   277  007C60  5002               	movf	?___awdiv+1,w,c
   278  007C62  0A80               	xorlw	128
   279  007C64  580B               	subwfb	??_delayInMs& (0+255),w,c
   280  007C66  B0D8               	btfsc	status,0,c
   281  007C68  0012               	return	
   282  007C6A  D7E1               	goto	l824
   283  007C6C                     l830:
   284                           
   285                           ;common.c: 21: _delay((unsigned long)((1)*(8000000/4000.0)));
   286  007C6C  0E03               	movlw	3
   287  007C6E  6E0B               	movwf	??_delayInMs& (0+255),c
   288  007C70  0E98               	movlw	152
   289  007C72                     u267:
   290  007C72  2EE8               	decfsz	wreg,f,c
   291  007C74  D7FE               	goto	u267
   292  007C76  2E0B               	decfsz	??_delayInMs& (0+255),f,c
   293  007C78  D7FC               	goto	u267
   294  007C7A  0012               	return	
   295  007C7C                     __end_of_delayInMs:
   296                           	opt stack 0
   297                           wreg	equ	0xFE8
   298                           status	equ	0xFD8
   299                           
   300 ;; *************** function ___awdiv *****************
   301 ;; Defined at:
   302 ;;		line 8 in file "C:\data\apps\xc8\v1.35\sources\common\awdiv.c"
   303 ;; Parameters:    Size  Location     Type
   304 ;;  dividend        2    0[COMRAM] int 
   305 ;;  divisor         2    2[COMRAM] int 
   306 ;; Auto vars:     Size  Location     Type
   307 ;;  quotient        2    6[COMRAM] int 
   308 ;;  sign            1    5[COMRAM] unsigned char 
   309 ;;  counter         1    4[COMRAM] unsigned char 
   310 ;; Return value:  Size  Location     Type
   311 ;;                  2    0[COMRAM] int 
   312 ;; Registers used:
   313 ;;		wreg, status,2, status,0
   314 ;; Tracked objects:
   315 ;;		On entry : 0/0
   316 ;;		On exit  : 0/0
   317 ;;		Unchanged: 0/0
   318 ;; Data sizes:     COMRAM   BANK0   BANK1   BANK2   BANK3   BANK4   BANK5   BANK6   BANK7
   319 ;;      Params:         4       0       0       0       0       0       0       0       0
   320 ;;      Locals:         4       0       0       0       0       0       0       0       0
   321 ;;      Temps:          0       0       0       0       0       0       0       0       0
   322 ;;      Totals:         8       0       0       0       0       0       0       0       0
   323 ;;Total ram usage:        8 bytes
   324 ;; Hardware stack levels used:    1
   325 ;; This function calls:
   326 ;;		Nothing
   327 ;; This function is called by:
   328 ;;		_delayInMs
   329 ;;		_delayInUs
   330 ;; This function uses a non-reentrant model
   331 ;;
   332                           
   333                           	psect	text2
   334  007C7C                     __ptext2:
   335                           	opt stack 0
   336  007C7C                     ___awdiv:
   337                           	opt stack 29
   338                           
   339                           ;incstack = 0
   340  007C7C  0E00               	movlw	0
   341  007C7E  6E06               	movwf	___awdiv@sign,c
   342  007C80  AE04               	btfss	___awdiv@divisor+1,7,c
   343  007C82  D006               	goto	l784
   344  007C84  6C03               	negf	___awdiv@divisor,c
   345  007C86  1E04               	comf	___awdiv@divisor+1,f,c
   346  007C88  B0D8               	btfsc	status,0,c
   347  007C8A  2A04               	incf	___awdiv@divisor+1,f,c
   348  007C8C  0E01               	movlw	1
   349  007C8E  6E06               	movwf	___awdiv@sign,c
   350  007C90                     l784:
   351  007C90  AE02               	btfss	___awdiv@dividend+1,7,c
   352  007C92  D006               	goto	l790
   353  007C94  6C01               	negf	___awdiv@dividend,c
   354  007C96  1E02               	comf	___awdiv@dividend+1,f,c
   355  007C98  B0D8               	btfsc	status,0,c
   356  007C9A  2A02               	incf	___awdiv@dividend+1,f,c
   357  007C9C  0E01               	movlw	1
   358  007C9E  1A06               	xorwf	___awdiv@sign,f,c
   359  007CA0                     l790:
   360  007CA0  0E00               	movlw	0
   361  007CA2  6E08               	movwf	___awdiv@quotient+1,c
   362  007CA4  0E00               	movlw	0
   363  007CA6  6E07               	movwf	___awdiv@quotient,c
   364  007CA8  5003               	movf	___awdiv@divisor,w,c
   365  007CAA  1004               	iorwf	___awdiv@divisor+1,w,c
   366  007CAC  B4D8               	btfsc	status,2,c
   367  007CAE  D01C               	goto	l812
   368  007CB0  0E01               	movlw	1
   369  007CB2  6E05               	movwf	___awdiv@counter,c
   370  007CB4  D004               	goto	l798
   371  007CB6                     l796:
   372  007CB6  90D8               	bcf	status,0,c
   373  007CB8  3603               	rlcf	___awdiv@divisor,f,c
   374  007CBA  3604               	rlcf	___awdiv@divisor+1,f,c
   375  007CBC  2A05               	incf	___awdiv@counter,f,c
   376  007CBE                     l798:
   377  007CBE  AE04               	btfss	___awdiv@divisor+1,7,c
   378  007CC0  D7FA               	goto	l796
   379  007CC2                     l800:
   380  007CC2  90D8               	bcf	status,0,c
   381  007CC4  3607               	rlcf	___awdiv@quotient,f,c
   382  007CC6  3608               	rlcf	___awdiv@quotient+1,f,c
   383  007CC8  5003               	movf	___awdiv@divisor,w,c
   384  007CCA  5C01               	subwf	___awdiv@dividend,w,c
   385  007CCC  5004               	movf	___awdiv@divisor+1,w,c
   386  007CCE  5802               	subwfb	___awdiv@dividend+1,w,c
   387  007CD0  A0D8               	btfss	status,0,c
   388  007CD2  D005               	goto	l808
   389  007CD4  5003               	movf	___awdiv@divisor,w,c
   390  007CD6  5E01               	subwf	___awdiv@dividend,f,c
   391  007CD8  5004               	movf	___awdiv@divisor+1,w,c
   392  007CDA  5A02               	subwfb	___awdiv@dividend+1,f,c
   393  007CDC  8007               	bsf	___awdiv@quotient,0,c
   394  007CDE                     l808:
   395  007CDE  90D8               	bcf	status,0,c
   396  007CE0  3204               	rrcf	___awdiv@divisor+1,f,c
   397  007CE2  3203               	rrcf	___awdiv@divisor,f,c
   398  007CE4  2E05               	decfsz	___awdiv@counter,f,c
   399  007CE6  D7ED               	goto	l800
   400  007CE8                     l812:
   401  007CE8  5006               	movf	___awdiv@sign,w,c
   402  007CEA  B4D8               	btfsc	status,2,c
   403  007CEC  D004               	goto	l816
   404  007CEE  6C07               	negf	___awdiv@quotient,c
   405  007CF0  1E08               	comf	___awdiv@quotient+1,f,c
   406  007CF2  B0D8               	btfsc	status,0,c
   407  007CF4  2A08               	incf	___awdiv@quotient+1,f,c
   408  007CF6                     l816:
   409  007CF6  C007  F001         	movff	___awdiv@quotient,?___awdiv
   410  007CFA  C008  F002         	movff	___awdiv@quotient+1,?___awdiv+1
   411  007CFE  0012               	return	
   412  007D00                     __end_of___awdiv:
   413                           	opt stack 0
   414  0000                     wreg	equ	0xFE8
   415                           status	equ	0xFD8
   416                           wreg	equ	0xFE8
   417                           status	equ	0xFD8
   418                           
   419                           	psect	rparam
   420  0000                     wreg	equ	0xFE8
   421                           status	equ	0xFD8


Data Sizes:
    Strings     0
    Constant    0
    Data        0
    BSS         0
    Persistent  0
    Stack       0

Auto Spaces:
    Space          Size  Autos    Used
    COMRAM           95     14      14
    BANK0           160      0       0
    BANK1           256      0       0
    BANK2           256      0       0
    BANK3           239      0       0
    BANK4           256      0       0
    BANK5           256      0       0
    BANK6           256      0       0
    BANK7           256      0       0

Pointer List with Targets:

    None.

Critical Paths under _main in COMRAM

    _main->_delayInMs
    _delayInMs->___awdiv

Critical Paths under _main in BANK0

    None.

Critical Paths under _main in BANK1

    None.

Critical Paths under _main in BANK2

    None.

Critical Paths under _main in BANK3

    None.

Critical Paths under _main in BANK4

    None.

Critical Paths under _main in BANK5

    None.

Critical Paths under _main in BANK6

    None.

Critical Paths under _main in BANK7

    None.

Call Graph Tables:

 ---------------------------------------------------------------------------------
 (Depth) Function   	        Calls       Base Space   Used Autos Params    Refs
 ---------------------------------------------------------------------------------
 (0) _main                                                 1     1      0     841
                                             13 COMRAM     1     1      0
                          _delayInMs
 ---------------------------------------------------------------------------------
 (1) _delayInMs                                            5     3      2     841
                                              8 COMRAM     5     3      2
                            ___awdiv
 ---------------------------------------------------------------------------------
 (2) ___awdiv                                              8     4      4     644
                                              0 COMRAM     8     4      4
 ---------------------------------------------------------------------------------
 Estimated maximum stack depth 2
 ---------------------------------------------------------------------------------

 Call Graph Graphs:

 _main (ROOT)
   _delayInMs
     ___awdiv

 Address spaces:
Name               Size   Autos  Total    Cost      Usage
BITCOMRAM           5F      0       0       0        0.0%
EEDATA             100      0       0       0        0.0%
NULL                 0      0       0       0        0.0%
CODE                 0      0       0       0        0.0%
COMRAM              5F      E       E       1       14.7%
STACK                0      0       0       2        0.0%
DATA                 0      0       0       3        0.0%
BITBANK0            A0      0       0       4        0.0%
BANK0               A0      0       0       5        0.0%
BITBANK1           100      0       0       6        0.0%
BANK1              100      0       0       7        0.0%
BITBANK2           100      0       0       8        0.0%
BANK2              100      0       0       9        0.0%
BANK3               EF      0       0      10        0.0%
ABS                  0      0       0      11        0.0%
BITBANK3            EF      0       0      12        0.0%
BITBANK4           100      0       0      13        0.0%
BANK4              100      0       0      14        0.0%
BITBANK5           100      0       0      15        0.0%
BANK5              100      0       0      16        0.0%
BITBANK6           100      0       0      17        0.0%
BANK6              100      0       0      18        0.0%
BITBANK7           100      0       0      19        0.0%
BANK7              100      0       0      20        0.0%
BIGRAM_1           400      0       0      21        0.0%
BIGRAM             3EE      0       0      22        0.0%
BITSFR_5             0      0       0      40        0.0%
SFR_5                0      0       0      40        0.0%
BITSFR_4             0      0       0      40        0.0%
SFR_4                0      0       0      40        0.0%
BITSFR_3             0      0       0      40        0.0%
SFR_3                0      0       0      40        0.0%
BITSFR_2             0      0       0      40        0.0%
SFR_2                0      0       0      40        0.0%
BITSFR_1             0      0       0      40        0.0%
SFR_1                0      0       0      40        0.0%
BITSFR               0      0       0      40        0.0%
SFR                  0      0       0      40        0.0%


Microchip Technology PIC18 Macro Assembler V1.35 build -356382666 
Symbol Table                                                                                   Sat May 14 19:46:07 2022

           ___awdiv@sign 0006                      l800 7CC2                      l812 7CE8  
                    l830 7C6C                      l816 7CF6                      l808 7CDE  
                    l824 7C2E                      l828 7C42                      l852 7BF2  
                    l790 7CA0                      l846 7BC4                      l784 7C90  
                    l796 7CB6                      l798 7CBE                      u230 7BCC  
                    u236 7BCE                      u190 7C24                      u257 7C34  
                    u267 7C72                      wreg 000FE8             __CFG_WDT$OFF 000000  
                   _main 7BB6                     start 0002            __CFG_IESO$OFF 000000  
           ___param_bank 000010                    ?_main 0001          __end_of___awdiv 7D00  
                  _CMCON 000FB4          ___awdiv@divisor 0003          ___awdiv@counter 0005  
                  _RCSTA 000FAB                    _SPBRG 000FAF                    _TXSTA 000FAC  
         __CFG_FCMEN$OFF 000000                    status 000FD8          __initialization 7BB0  
           __end_of_main 7C00                   ??_main 000E            __activetblptr 000000  
                 _ADCON1 000FC1         ___awdiv@dividend 0001                   _OSCCON 000FD3  
                 _TRISC6 007CA6                   _TRISC7 007CA7                ??___awdiv 0005  
       ___awdiv@quotient 0007               __accesstop 0060  __end_of__initialization 7BB0  
          ___rparam_used 000001           __pcstackCOMRAM 0001       __size_of_delayInMs 007C  
                _INTCON2 000FF1        __end_of_delayInMs 7C7C                  __Hparam 0000  
                __Lparam 0000                  ___awdiv 7C7C                  __pcinit 7BB0  
                __ramtop 0800                  __ptext0 7BB6                  __ptext1 7C00  
                __ptext2 7C7C               delayInMs@i 000C     end_of_initialization 7BB0  
              _TRISAbits 000F92                _TRISCbits 000F94                _TRISEbits 000F96  
    start_initialization 7BB0                _delayInMs 7C00                 ?___awdiv 0001  
               _LATAbits 000F89                 _LATCbits 000F8B                 _LATEbits 000F8D  
             ?_delayInMs 0009               _ADCON0bits 000FC2                 __Hrparam 0000  
               __Lrparam 0000         __size_of___awdiv 0084    __CFG_FOSC$INTOSCIO_EC 000000  
          __size_of_main 004A              delayInMs@ms 0009              ??_delayInMs 000B  
