

Microchip Technology PIC18 LITE Macro Assembler V1.35 build -356382666 
                                                                                               Wed Apr 13 00:46:27 2022

Microchip Technology Omniscient Code Generator v1.35 (Free mode) build 201507080246
     1                           	processor	18F4550
     2                           	fnconf	rparam,??,?,0
     3                           	opt	pw 120
     4                           	opt	lm
     5                           	psect	cinit,global,reloc=2,class=CODE,delta=1
     6                           	psect	cstackCOMRAM,global,class=COMRAM,space=1,delta=1
     7                           	psect	text0,global,reloc=2,class=CODE,delta=1
     8                           	psect	intsave_regs,global,class=BIGRAM,space=1,delta=1
     9                           	psect	rparam,global,class=COMRAM,space=1,delta=1
    10  0000                     _TRISCbits	set	3988
    11                           
    12                           ; #config settings
    13  0000                     
    14                           	psect	cinit
    15  007FFA                     __pcinit:
    16                           	opt stack 0
    17  007FFA                     start_initialization:
    18                           	opt stack 0
    19  007FFA                     __initialization:
    20                           	opt stack 0
    21  007FFA                     end_of_initialization:
    22                           	opt stack 0
    23  007FFA                     __end_of__initialization:
    24                           	opt stack 0
    25  007FFA  0100               	movlb	0
    26  007FFC  EFFB  F03F         	goto	_main	;jump to C main() function
    27                           
    28                           	psect	cstackCOMRAM
    29  000000                     __pcstackCOMRAM:
    30                           	opt stack 0
    31  000000                     
    32                           ; 0 bytes @ 0x0
    33 ;;
    34 ;;Main: autosize = 0, tempsize = 0, incstack = 0, save=0
    35 ;;
    36 ;; *************** function _main *****************
    37 ;; Defined at:
    38 ;;		line 11 in file "main.c"
    39 ;; Parameters:    Size  Location     Type
    40 ;;		None
    41 ;; Auto vars:     Size  Location     Type
    42 ;;		None
    43 ;; Return value:  Size  Location     Type
    44 ;;		None               void
    45 ;; Registers used:
    46 ;;		None
    47 ;; Tracked objects:
    48 ;;		On entry : 0/0
    49 ;;		On exit  : 0/0
    50 ;;		Unchanged: 0/0
    51 ;; Data sizes:     COMRAM   BANK0   BANK1   BANK2   BANK3   BANK4   BANK5   BANK6   BANK7
    52 ;;      Params:         0       0       0       0       0       0       0       0       0
    53 ;;      Locals:         0       0       0       0       0       0       0       0       0
    54 ;;      Temps:          0       0       0       0       0       0       0       0       0
    55 ;;      Totals:         0       0       0       0       0       0       0       0       0
    56 ;;Total ram usage:        0 bytes
    57 ;; This function calls:
    58 ;;		Nothing
    59 ;; This function is called by:
    60 ;;		Startup code after reset
    61 ;; This function uses a non-reentrant model
    62 ;;
    63                           
    64                           	psect	text0
    65  007FF6                     __ptext0:
    66                           	opt stack 0
    67  007FF6                     _main:
    68                           	opt stack 31
    69                           
    70                           ;main.c: 12: return;
    71                           
    72                           ;incstack = 0
    73  007FF6  EF00  F000         	goto	start
    74  007FFA                     __end_of_main:
    75                           	opt stack 0
    76  0000                     
    77                           	psect	rparam


Data Sizes:
    Strings     0
    Constant    0
    Data        0
    BSS         0
    Persistent  0
    Stack       0

Auto Spaces:
    Space          Size  Autos    Used
    COMRAM           95      0       0
    BANK0           160      0       0
    BANK1           256      0       0
    BANK2           256      0       0
    BANK3           256      0       0
    BANK4           256      0       0
    BANK5           256      0       0
    BANK6           256      0       0
    BANK7           256      0       0

Pointer List with Targets:

    None.

Critical Paths under _main in COMRAM

    None.

Critical Paths under _main in BANK0

    None.

Critical Paths under _main in BANK1

    None.

Critical Paths under _main in BANK2

    None.

Critical Paths under _main in BANK3

    None.

Critical Paths under _main in BANK4

    None.

Critical Paths under _main in BANK5

    None.

Critical Paths under _main in BANK6

    None.

Critical Paths under _main in BANK7

    None.

Call Graph Tables:

 ---------------------------------------------------------------------------------
 (Depth) Function   	        Calls       Base Space   Used Autos Params    Refs
 ---------------------------------------------------------------------------------
 (0) _main                                                 0     0      0       0
 ---------------------------------------------------------------------------------
 Estimated maximum stack depth 0
 ---------------------------------------------------------------------------------

 Call Graph Graphs:

 _main (ROOT)

 Address spaces:
Name               Size   Autos  Total    Cost      Usage
BITCOMRAM           5F      0       0       0        0.0%
EEDATA             100      0       0       0        0.0%
NULL                 0      0       0       0        0.0%
CODE                 0      0       0       0        0.0%
COMRAM              5F      0       0       1        0.0%
STACK                0      0       0       2        0.0%
DATA                 0      0       0       3        0.0%
BITBANK0            A0      0       0       4        0.0%
BANK0               A0      0       0       5        0.0%
BITBANK1           100      0       0       6        0.0%
BANK1              100      0       0       7        0.0%
BITBANK2           100      0       0       8        0.0%
BANK2              100      0       0       9        0.0%
BITBANK3           100      0       0      10        0.0%
BANK3              100      0       0      11        0.0%
BITBANK4           100      0       0      12        0.0%
BANK4              100      0       0      13        0.0%
BITBANK5           100      0       0      14        0.0%
BANK5              100      0       0      15        0.0%
BITBANK6           100      0       0      16        0.0%
BANK6              100      0       0      17        0.0%
BITBANK7           100      0       0      18        0.0%
BANK7              100      0       0      19        0.0%
ABS                  0      0       0      20        0.0%
BIGRAM             7FF      0       0      21        0.0%
BITSFR               0      0       0      40        0.0%
SFR                  0      0       0      40        0.0%


Microchip Technology PIC18 Macro Assembler V1.35 build -356382666 
Symbol Table                                                                                   Wed Apr 13 00:46:27 2022

           __CFG_WDT$OFF 000000                     _main 7FF6                     start 0000  
          __CFG_IESO$OFF 000000             ___param_bank 000010                    ?_main 0000  
         __CFG_FCMEN$OFF 000000          __initialization 7FFA             __end_of_main 7FFA  
                 ??_main 0000            __activetblptr 000000               __accesstop 0060  
__end_of__initialization 7FFA            ___rparam_used 000001           __pcstackCOMRAM 0000  
                __Hparam 0000                  __Lparam 0000                  __pcinit 7FFA  
                __ramtop 0800                  __ptext0 7FF6     end_of_initialization 7FFA  
              _TRISCbits 000F94      start_initialization 7FFA                 __Hrparam 0000  
               __Lrparam 0000    __CFG_FOSC$INTOSCIO_EC 000000            __size_of_main 0004  
