

Microchip Technology PIC18 LITE Macro Assembler V1.35 build -356382666 
                                                                                               Sat May 14 17:28:02 2022

Microchip Technology Omniscient Code Generator v1.35 (Free mode) build 201507080246
     1                           	processor	18F4550
     2                           	fnconf	rparam,??,?,0
     3                           	opt	pw 120
     4                           	opt	lm
     5                           	psect	cinit,global,reloc=2,class=CODE,delta=1
     6                           	psect	cstackCOMRAM,global,class=COMRAM,space=1,delta=1
     7                           	psect	text0,global,reloc=2,class=CODE,delta=1
     8                           	psect	text1,global,reloc=2,class=CODE,delta=1
     9                           	psect	text2,global,reloc=2,class=CODE,delta=1
    10                           	psect	text3,global,reloc=2,class=CODE,delta=1
    11                           	psect	intsave_regs,global,class=BIGRAM,space=1,delta=1
    12                           	psect	rparam,global,class=COMRAM,space=1,delta=1
    13  0000                     _LATCbits	set	3979
    14  0000                     _LATEbits	set	3981
    15  0000                     _TRISCbits	set	3988
    16  0000                     _TRISEbits	set	3990
    17  0000                     _TRISC6	set	31910
    18  0000                     _TRISC7	set	31911
    19  0000                     _ADCON0bits	set	4034
    20  0000                     _ADCON1	set	4033
    21  0000                     _CMCON	set	4020
    22  0000                     _RCSTA	set	4011
    23  0000                     _SPBRG	set	4015
    24  0000                     _TXSTA	set	4012
    25  0000                     _INTCON2	set	4081
    26                           
    27                           ; #config settings
    28  0000                     
    29                           	psect	cinit
    30  007BA6                     __pcinit:
    31                           	opt stack 0
    32  007BA6                     start_initialization:
    33                           	opt stack 0
    34  007BA6                     __initialization:
    35                           	opt stack 0
    36  007BA6                     end_of_initialization:
    37                           	opt stack 0
    38  007BA6                     __end_of__initialization:
    39                           	opt stack 0
    40  007BA6  0100               	movlb	0
    41  007BA8  EFE9  F03D         	goto	_main	;jump to C main() function
    42                           
    43                           	psect	cstackCOMRAM
    44  000001                     __pcstackCOMRAM:
    45                           	opt stack 0
    46  000001                     ?___awdiv:
    47                           	opt stack 0
    48  000001                     ___awdiv@dividend:
    49                           	opt stack 0
    50                           
    51                           ; 2 bytes @ 0x0
    52  000001                     	ds	2
    53  000003                     ___awdiv@divisor:
    54                           	opt stack 0
    55                           
    56                           ; 2 bytes @ 0x2
    57  000003                     	ds	2
    58  000005                     ___awdiv@counter:
    59                           	opt stack 0
    60                           
    61                           ; 1 bytes @ 0x4
    62  000005                     	ds	1
    63  000006                     ___awdiv@sign:
    64                           	opt stack 0
    65                           
    66                           ; 1 bytes @ 0x5
    67  000006                     	ds	1
    68  000007                     ___awdiv@quotient:
    69                           	opt stack 0
    70                           
    71                           ; 2 bytes @ 0x6
    72  000007                     	ds	2
    73  000009                     delayInMs@ms:
    74                           	opt stack 0
    75                           
    76                           ; 2 bytes @ 0x8
    77  000009                     	ds	2
    78  00000B                     ??_delayInMs:
    79                           
    80                           ; 0 bytes @ 0xA
    81  00000B                     	ds	1
    82  00000C                     delayInMs@i:
    83                           	opt stack 0
    84                           
    85                           ; 2 bytes @ 0xB
    86  00000C                     	ds	2
    87  00000E                     ??_main:
    88                           
    89                           ; 0 bytes @ 0xD
    90  00000E                     	ds	1
    91                           
    92 ;;
    93 ;;Main: autosize = 0, tempsize = 1, incstack = 0, save=0
    94 ;;
    95 ;; *************** function _main *****************
    96 ;; Defined at:
    97 ;;		line 12 in file "bz.c"
    98 ;; Parameters:    Size  Location     Type
    99 ;;		None
   100 ;; Auto vars:     Size  Location     Type
   101 ;;		None
   102 ;; Return value:  Size  Location     Type
   103 ;;		None               void
   104 ;; Registers used:
   105 ;;		wreg, status,2, status,0, cstack
   106 ;; Tracked objects:
   107 ;;		On entry : 0/0
   108 ;;		On exit  : 0/0
   109 ;;		Unchanged: 0/0
   110 ;; Data sizes:     COMRAM   BANK0   BANK1   BANK2   BANK3   BANK4   BANK5   BANK6   BANK7
   111 ;;      Params:         0       0       0       0       0       0       0       0       0
   112 ;;      Locals:         0       0       0       0       0       0       0       0       0
   113 ;;      Temps:          1       0       0       0       0       0       0       0       0
   114 ;;      Totals:         1       0       0       0       0       0       0       0       0
   115 ;;Total ram usage:        1 bytes
   116 ;; Hardware stack levels required when called:    2
   117 ;; This function calls:
   118 ;;		_delayInMs
   119 ;;		_init
   120 ;; This function is called by:
   121 ;;		Startup code after reset
   122 ;; This function uses a non-reentrant model
   123 ;;
   124                           
   125                           	psect	text0
   126  007BD2                     __ptext0:
   127                           	opt stack 0
   128  007BD2                     _main:
   129                           	opt stack 29
   130                           
   131                           ;bz.c: 13: init();
   132                           
   133                           ;incstack = 0
   134  007BD2  ECD6  F03D         	call	_init	;wreg free
   135                           
   136                           ;bz.c: 15: LATCbits.LATC1 = 0;
   137  007BD6  928B               	bcf	3979,1,c	;volatile
   138  007BD8                     l834:
   139                           
   140                           ;bz.c: 18: LATCbits.LATC1 = ~LATCbits.LATC1;
   141  007BD8  A28B               	btfss	3979,1,c	;volatile
   142  007BDA  D002               	goto	u200
   143  007BDC  0E01               	movlw	1
   144  007BDE  D001               	goto	u206
   145  007BE0                     u200:
   146  007BE0  0E00               	movlw	0
   147  007BE2                     u206:
   148  007BE2  0AFF               	xorlw	255
   149  007BE4  6E0E               	movwf	??_main& (0+255),c
   150  007BE6  460E               	rlncf	??_main,f,c
   151  007BE8  508B               	movf	3979,w,c	;volatile
   152  007BEA  180E               	xorwf	??_main,w,c
   153  007BEC  0BFD               	andlw	-3
   154  007BEE  180E               	xorwf	??_main,w,c
   155  007BF0  6E8B               	movwf	3979,c	;volatile
   156                           
   157                           ;bz.c: 19: delayInMs(50);
   158  007BF2  0E00               	movlw	0
   159  007BF4  6E0A               	movwf	delayInMs@ms+1,c
   160  007BF6  0E32               	movlw	50
   161  007BF8  6E09               	movwf	delayInMs@ms,c
   162  007BFA  EC00  F03E         	call	_delayInMs	;wreg free
   163  007BFE  D7EC               	goto	l834
   164  007C00                     __end_of_main:
   165                           	opt stack 0
   166                           
   167 ;; *************** function _init *****************
   168 ;; Defined at:
   169 ;;		line 22 in file "../eLock.X/init.c"
   170 ;; Parameters:    Size  Location     Type
   171 ;;		None
   172 ;; Auto vars:     Size  Location     Type
   173 ;;		None
   174 ;; Return value:  Size  Location     Type
   175 ;;		None               void
   176 ;; Registers used:
   177 ;;		wreg, status,2
   178 ;; Tracked objects:
   179 ;;		On entry : 0/0
   180 ;;		On exit  : 0/0
   181 ;;		Unchanged: 0/0
   182 ;; Data sizes:     COMRAM   BANK0   BANK1   BANK2   BANK3   BANK4   BANK5   BANK6   BANK7
   183 ;;      Params:         0       0       0       0       0       0       0       0       0
   184 ;;      Locals:         0       0       0       0       0       0       0       0       0
   185 ;;      Temps:          0       0       0       0       0       0       0       0       0
   186 ;;      Totals:         0       0       0       0       0       0       0       0       0
   187 ;;Total ram usage:        0 bytes
   188 ;; Hardware stack levels used:    1
   189 ;; This function calls:
   190 ;;		Nothing
   191 ;; This function is called by:
   192 ;;		_main
   193 ;; This function uses a non-reentrant model
   194 ;;
   195                           
   196                           	psect	text1
   197  007BAC                     __ptext1:
   198                           	opt stack 0
   199  007BAC                     _init:
   200                           	opt stack 30
   201                           
   202                           ;init.c: 24: ADCON0bits.GO = 0;
   203                           
   204                           ;incstack = 0
   205  007BAC  92C2               	bcf	4034,1,c	;volatile
   206                           
   207                           ;init.c: 25: ADCON0bits.ADON = 0;
   208  007BAE  90C2               	bcf	4034,0,c	;volatile
   209                           
   210                           ;init.c: 27: ADCON1 = 0x0F;
   211  007BB0  0E0F               	movlw	15
   212  007BB2  6EC1               	movwf	4033,c	;volatile
   213                           
   214                           ;init.c: 28: CMCON = 0x07;
   215  007BB4  0E07               	movlw	7
   216  007BB6  6EB4               	movwf	4020,c	;volatile
   217                           
   218                           ;init.c: 30: INTCON2 = 0;
   219  007BB8  0E00               	movlw	0
   220  007BBA  6EF1               	movwf	intcon2,c	;volatile
   221                           
   222                           ;init.c: 32: LATCbits.LATC1 = 0;
   223  007BBC  928B               	bcf	3979,1,c	;volatile
   224                           
   225                           ;init.c: 33: TRISCbits.TRISC1 = 0;
   226  007BBE  9294               	bcf	3988,1,c	;volatile
   227                           
   228                           ;init.c: 36: LATEbits.LATE0 = 0;
   229  007BC0  908D               	bcf	3981,0,c	;volatile
   230                           
   231                           ;init.c: 37: LATEbits.LATE1 = 0;
   232  007BC2  928D               	bcf	3981,1,c	;volatile
   233                           
   234                           ;init.c: 38: LATEbits.LATE2 = 0;
   235  007BC4  948D               	bcf	3981,2,c	;volatile
   236                           
   237                           ;init.c: 39: TRISEbits.TRISE0 = 0;
   238  007BC6  9096               	bcf	3990,0,c	;volatile
   239                           
   240                           ;init.c: 40: TRISEbits.TRISE1 = 0;
   241  007BC8  9296               	bcf	3990,1,c	;volatile
   242                           
   243                           ;init.c: 41: TRISEbits.TRISE2 = 0;
   244  007BCA  9496               	bcf	3990,2,c	;volatile
   245                           
   246                           ;init.c: 44: LATCbits.LATC2 = 0;
   247  007BCC  948B               	bcf	3979,2,c	;volatile
   248                           
   249                           ;init.c: 45: TRISCbits.TRISC2 = 0;
   250  007BCE  9494               	bcf	3988,2,c	;volatile
   251  007BD0  0012               	return		;funcret
   252  007BD2                     __end_of_init:
   253                           	opt stack 0
   254                           intcon2	equ	0xFF1
   255                           
   256 ;; *************** function _delayInMs *****************
   257 ;; Defined at:
   258 ;;		line 15 in file "../eLock.X/common.c"
   259 ;; Parameters:    Size  Location     Type
   260 ;;  ms              2    8[COMRAM] int 
   261 ;; Auto vars:     Size  Location     Type
   262 ;;  i               2   11[COMRAM] int 
   263 ;; Return value:  Size  Location     Type
   264 ;;		None               void
   265 ;; Registers used:
   266 ;;		wreg, status,2, status,0, cstack
   267 ;; Tracked objects:
   268 ;;		On entry : 0/0
   269 ;;		On exit  : 0/0
   270 ;;		Unchanged: 0/0
   271 ;; Data sizes:     COMRAM   BANK0   BANK1   BANK2   BANK3   BANK4   BANK5   BANK6   BANK7
   272 ;;      Params:         2       0       0       0       0       0       0       0       0
   273 ;;      Locals:         2       0       0       0       0       0       0       0       0
   274 ;;      Temps:          1       0       0       0       0       0       0       0       0
   275 ;;      Totals:         5       0       0       0       0       0       0       0       0
   276 ;;Total ram usage:        5 bytes
   277 ;; Hardware stack levels used:    1
   278 ;; Hardware stack levels required when called:    1
   279 ;; This function calls:
   280 ;;		___awdiv
   281 ;; This function is called by:
   282 ;;		_main
   283 ;; This function uses a non-reentrant model
   284 ;;
   285                           
   286                           	psect	text2
   287  007C00                     __ptext2:
   288                           	opt stack 0
   289  007C00                     _delayInMs:
   290                           	opt stack 29
   291                           
   292                           ;common.c: 16: if (ms/10 > 1) {
   293                           
   294                           ;incstack = 0
   295  007C00  C009  F001         	movff	delayInMs@ms,___awdiv@dividend
   296  007C04  C00A  F002         	movff	delayInMs@ms+1,___awdiv@dividend+1
   297  007C08  0E00               	movlw	0
   298  007C0A  6E04               	movwf	___awdiv@divisor+1,c
   299  007C0C  0E0A               	movlw	10
   300  007C0E  6E03               	movwf	___awdiv@divisor,c
   301  007C10  EC3E  F03E         	call	___awdiv	;wreg free
   302  007C14  BE02               	btfsc	?___awdiv+1,7,c
   303  007C16  D02A               	goto	l828
   304  007C18  5002               	movf	?___awdiv+1,w,c
   305  007C1A  E104               	bnz	u180
   306  007C1C  0E02               	movlw	2
   307  007C1E  5C01               	subwf	?___awdiv,w,c
   308  007C20  A0D8               	btfss	status,0,c
   309  007C22  D024               	goto	l828
   310  007C24                     u180:
   311                           
   312                           ;common.c: 17: for (int i = 0; i < ms / 10; i++) {
   313  007C24  0E00               	movlw	0
   314  007C26  6E0D               	movwf	delayInMs@i+1,c
   315  007C28  0E00               	movlw	0
   316  007C2A  6E0C               	movwf	delayInMs@i,c
   317  007C2C  D00A               	goto	l826
   318  007C2E                     l822:
   319                           
   320                           ;common.c: 18: _delay((unsigned long)((10)*(8000000/4000.0)));
   321  007C2E  0E1A               	movlw	26
   322  007C30  6E0B               	movwf	??_delayInMs& (0+255),c
   323  007C32  0EF8               	movlw	248
   324  007C34                     u237:
   325  007C34  2EE8               	decfsz	wreg,f,c
   326  007C36  D7FE               	goto	u237
   327  007C38  2E0B               	decfsz	??_delayInMs& (0+255),f,c
   328  007C3A  D7FC               	goto	u237
   329  007C3C  D000               	nop2	
   330  007C3E  4A0C               	infsnz	delayInMs@i,f,c
   331  007C40  2A0D               	incf	delayInMs@i+1,f,c
   332  007C42                     l826:
   333  007C42  C009  F001         	movff	delayInMs@ms,___awdiv@dividend
   334  007C46  C00A  F002         	movff	delayInMs@ms+1,___awdiv@dividend+1
   335  007C4A  0E00               	movlw	0
   336  007C4C  6E04               	movwf	___awdiv@divisor+1,c
   337  007C4E  0E0A               	movlw	10
   338  007C50  6E03               	movwf	___awdiv@divisor,c
   339  007C52  EC3E  F03E         	call	___awdiv	;wreg free
   340  007C56  5001               	movf	?___awdiv,w,c
   341  007C58  5C0C               	subwf	delayInMs@i,w,c
   342  007C5A  500D               	movf	delayInMs@i+1,w,c
   343  007C5C  0A80               	xorlw	128
   344  007C5E  6E0B               	movwf	??_delayInMs& (0+255),c
   345  007C60  5002               	movf	?___awdiv+1,w,c
   346  007C62  0A80               	xorlw	128
   347  007C64  580B               	subwfb	??_delayInMs& (0+255),w,c
   348  007C66  B0D8               	btfsc	status,0,c
   349  007C68  0012               	return	
   350  007C6A  D7E1               	goto	l822
   351  007C6C                     l828:
   352                           
   353                           ;common.c: 21: _delay((unsigned long)((1)*(8000000/4000.0)));
   354  007C6C  0E03               	movlw	3
   355  007C6E  6E0B               	movwf	??_delayInMs& (0+255),c
   356  007C70  0E98               	movlw	152
   357  007C72                     u247:
   358  007C72  2EE8               	decfsz	wreg,f,c
   359  007C74  D7FE               	goto	u247
   360  007C76  2E0B               	decfsz	??_delayInMs& (0+255),f,c
   361  007C78  D7FC               	goto	u247
   362  007C7A  0012               	return	
   363  007C7C                     __end_of_delayInMs:
   364                           	opt stack 0
   365                           intcon2	equ	0xFF1
   366                           wreg	equ	0xFE8
   367                           status	equ	0xFD8
   368                           
   369 ;; *************** function ___awdiv *****************
   370 ;; Defined at:
   371 ;;		line 8 in file "C:\data\apps\xc8\v1.35\sources\common\awdiv.c"
   372 ;; Parameters:    Size  Location     Type
   373 ;;  dividend        2    0[COMRAM] int 
   374 ;;  divisor         2    2[COMRAM] int 
   375 ;; Auto vars:     Size  Location     Type
   376 ;;  quotient        2    6[COMRAM] int 
   377 ;;  sign            1    5[COMRAM] unsigned char 
   378 ;;  counter         1    4[COMRAM] unsigned char 
   379 ;; Return value:  Size  Location     Type
   380 ;;                  2    0[COMRAM] int 
   381 ;; Registers used:
   382 ;;		wreg, status,2, status,0
   383 ;; Tracked objects:
   384 ;;		On entry : 0/0
   385 ;;		On exit  : 0/0
   386 ;;		Unchanged: 0/0
   387 ;; Data sizes:     COMRAM   BANK0   BANK1   BANK2   BANK3   BANK4   BANK5   BANK6   BANK7
   388 ;;      Params:         4       0       0       0       0       0       0       0       0
   389 ;;      Locals:         4       0       0       0       0       0       0       0       0
   390 ;;      Temps:          0       0       0       0       0       0       0       0       0
   391 ;;      Totals:         8       0       0       0       0       0       0       0       0
   392 ;;Total ram usage:        8 bytes
   393 ;; Hardware stack levels used:    1
   394 ;; This function calls:
   395 ;;		Nothing
   396 ;; This function is called by:
   397 ;;		_delayInMs
   398 ;;		_delayInUs
   399 ;; This function uses a non-reentrant model
   400 ;;
   401                           
   402                           	psect	text3
   403  007C7C                     __ptext3:
   404                           	opt stack 0
   405  007C7C                     ___awdiv:
   406                           	opt stack 29
   407                           
   408                           ;incstack = 0
   409  007C7C  0E00               	movlw	0
   410  007C7E  6E06               	movwf	___awdiv@sign,c
   411  007C80  AE04               	btfss	___awdiv@divisor+1,7,c
   412  007C82  D006               	goto	l782
   413  007C84  6C03               	negf	___awdiv@divisor,c
   414  007C86  1E04               	comf	___awdiv@divisor+1,f,c
   415  007C88  B0D8               	btfsc	status,0,c
   416  007C8A  2A04               	incf	___awdiv@divisor+1,f,c
   417  007C8C  0E01               	movlw	1
   418  007C8E  6E06               	movwf	___awdiv@sign,c
   419  007C90                     l782:
   420  007C90  AE02               	btfss	___awdiv@dividend+1,7,c
   421  007C92  D006               	goto	l788
   422  007C94  6C01               	negf	___awdiv@dividend,c
   423  007C96  1E02               	comf	___awdiv@dividend+1,f,c
   424  007C98  B0D8               	btfsc	status,0,c
   425  007C9A  2A02               	incf	___awdiv@dividend+1,f,c
   426  007C9C  0E01               	movlw	1
   427  007C9E  1A06               	xorwf	___awdiv@sign,f,c
   428  007CA0                     l788:
   429  007CA0  0E00               	movlw	0
   430  007CA2  6E08               	movwf	___awdiv@quotient+1,c
   431  007CA4  0E00               	movlw	0
   432  007CA6  6E07               	movwf	___awdiv@quotient,c
   433  007CA8  5003               	movf	___awdiv@divisor,w,c
   434  007CAA  1004               	iorwf	___awdiv@divisor+1,w,c
   435  007CAC  B4D8               	btfsc	status,2,c
   436  007CAE  D01C               	goto	l810
   437  007CB0  0E01               	movlw	1
   438  007CB2  6E05               	movwf	___awdiv@counter,c
   439  007CB4  D004               	goto	l796
   440  007CB6                     l794:
   441  007CB6  90D8               	bcf	status,0,c
   442  007CB8  3603               	rlcf	___awdiv@divisor,f,c
   443  007CBA  3604               	rlcf	___awdiv@divisor+1,f,c
   444  007CBC  2A05               	incf	___awdiv@counter,f,c
   445  007CBE                     l796:
   446  007CBE  AE04               	btfss	___awdiv@divisor+1,7,c
   447  007CC0  D7FA               	goto	l794
   448  007CC2                     l798:
   449  007CC2  90D8               	bcf	status,0,c
   450  007CC4  3607               	rlcf	___awdiv@quotient,f,c
   451  007CC6  3608               	rlcf	___awdiv@quotient+1,f,c
   452  007CC8  5003               	movf	___awdiv@divisor,w,c
   453  007CCA  5C01               	subwf	___awdiv@dividend,w,c
   454  007CCC  5004               	movf	___awdiv@divisor+1,w,c
   455  007CCE  5802               	subwfb	___awdiv@dividend+1,w,c
   456  007CD0  A0D8               	btfss	status,0,c
   457  007CD2  D005               	goto	l806
   458  007CD4  5003               	movf	___awdiv@divisor,w,c
   459  007CD6  5E01               	subwf	___awdiv@dividend,f,c
   460  007CD8  5004               	movf	___awdiv@divisor+1,w,c
   461  007CDA  5A02               	subwfb	___awdiv@dividend+1,f,c
   462  007CDC  8007               	bsf	___awdiv@quotient,0,c
   463  007CDE                     l806:
   464  007CDE  90D8               	bcf	status,0,c
   465  007CE0  3204               	rrcf	___awdiv@divisor+1,f,c
   466  007CE2  3203               	rrcf	___awdiv@divisor,f,c
   467  007CE4  2E05               	decfsz	___awdiv@counter,f,c
   468  007CE6  D7ED               	goto	l798
   469  007CE8                     l810:
   470  007CE8  5006               	movf	___awdiv@sign,w,c
   471  007CEA  B4D8               	btfsc	status,2,c
   472  007CEC  D004               	goto	l814
   473  007CEE  6C07               	negf	___awdiv@quotient,c
   474  007CF0  1E08               	comf	___awdiv@quotient+1,f,c
   475  007CF2  B0D8               	btfsc	status,0,c
   476  007CF4  2A08               	incf	___awdiv@quotient+1,f,c
   477  007CF6                     l814:
   478  007CF6  C007  F001         	movff	___awdiv@quotient,?___awdiv
   479  007CFA  C008  F002         	movff	___awdiv@quotient+1,?___awdiv+1
   480  007CFE  0012               	return	
   481  007D00                     __end_of___awdiv:
   482                           	opt stack 0
   483  0000                     intcon2	equ	0xFF1
   484                           wreg	equ	0xFE8
   485                           status	equ	0xFD8
   486                           intcon2	equ	0xFF1
   487                           wreg	equ	0xFE8
   488                           status	equ	0xFD8
   489                           
   490                           	psect	rparam
   491  0000                     intcon2	equ	0xFF1
   492                           wreg	equ	0xFE8
   493                           status	equ	0xFD8


Data Sizes:
    Strings     0
    Constant    0
    Data        0
    BSS         0
    Persistent  0
    Stack       0

Auto Spaces:
    Space          Size  Autos    Used
    COMRAM           95     14      14
    BANK0           160      0       0
    BANK1           256      0       0
    BANK2           256      0       0
    BANK3           239      0       0
    BANK4           256      0       0
    BANK5           256      0       0
    BANK6           256      0       0
    BANK7           256      0       0

Pointer List with Targets:

    None.

Critical Paths under _main in COMRAM

    _main->_delayInMs
    _delayInMs->___awdiv

Critical Paths under _main in BANK0

    None.

Critical Paths under _main in BANK1

    None.

Critical Paths under _main in BANK2

    None.

Critical Paths under _main in BANK3

    None.

Critical Paths under _main in BANK4

    None.

Critical Paths under _main in BANK5

    None.

Critical Paths under _main in BANK6

    None.

Critical Paths under _main in BANK7

    None.

Call Graph Tables:

 ---------------------------------------------------------------------------------
 (Depth) Function   	        Calls       Base Space   Used Autos Params    Refs
 ---------------------------------------------------------------------------------
 (0) _main                                                 1     1      0     755
                                             13 COMRAM     1     1      0
                          _delayInMs
                               _init
 ---------------------------------------------------------------------------------
 (1) _init                                                 0     0      0       0
 ---------------------------------------------------------------------------------
 (1) _delayInMs                                            5     3      2     755
                                              8 COMRAM     5     3      2
                            ___awdiv
 ---------------------------------------------------------------------------------
 (2) ___awdiv                                              8     4      4     644
                                              0 COMRAM     8     4      4
 ---------------------------------------------------------------------------------
 Estimated maximum stack depth 2
 ---------------------------------------------------------------------------------

 Call Graph Graphs:

 _main (ROOT)
   _delayInMs
     ___awdiv
   _init

 Address spaces:
Name               Size   Autos  Total    Cost      Usage
BITCOMRAM           5F      0       0       0        0.0%
EEDATA             100      0       0       0        0.0%
NULL                 0      0       0       0        0.0%
CODE                 0      0       0       0        0.0%
COMRAM              5F      E       E       1       14.7%
STACK                0      0       0       2        0.0%
DATA                 0      0       0       3        0.0%
BITBANK0            A0      0       0       4        0.0%
BANK0               A0      0       0       5        0.0%
BITBANK1           100      0       0       6        0.0%
BANK1              100      0       0       7        0.0%
BITBANK2           100      0       0       8        0.0%
BANK2              100      0       0       9        0.0%
BANK3               EF      0       0      10        0.0%
ABS                  0      0       0      11        0.0%
BITBANK3            EF      0       0      12        0.0%
BITBANK4           100      0       0      13        0.0%
BANK4              100      0       0      14        0.0%
BITBANK5           100      0       0      15        0.0%
BANK5              100      0       0      16        0.0%
BITBANK6           100      0       0      17        0.0%
BANK6              100      0       0      18        0.0%
BITBANK7           100      0       0      19        0.0%
BANK7              100      0       0      20        0.0%
BIGRAM_1           400      0       0      21        0.0%
BIGRAM             3EE      0       0      22        0.0%
BITSFR_5             0      0       0      40        0.0%
SFR_5                0      0       0      40        0.0%
BITSFR_4             0      0       0      40        0.0%
SFR_4                0      0       0      40        0.0%
BITSFR_3             0      0       0      40        0.0%
SFR_3                0      0       0      40        0.0%
BITSFR_2             0      0       0      40        0.0%
SFR_2                0      0       0      40        0.0%
BITSFR_1             0      0       0      40        0.0%
SFR_1                0      0       0      40        0.0%
BITSFR               0      0       0      40        0.0%
SFR                  0      0       0      40        0.0%


Microchip Technology PIC18 Macro Assembler V1.35 build -356382666 
Symbol Table                                                                                   Sat May 14 17:28:02 2022

           ___awdiv@sign 0006                      l810 7CE8                      l814 7CF6  
                    l806 7CDE                      l822 7C2E                      l826 7C42  
                    l834 7BD8                      l828 7C6C                      l782 7C90  
                    l794 7CB6                      l796 7CBE                      l788 7CA0  
                    l798 7CC2                      u200 7BE0                      u206 7BE2  
                    u180 7C24                      u237 7C34                      u247 7C72  
                    wreg 000FE8             __CFG_WDT$OFF 000000                     _main 7BD2  
                   _init 7BAC                     start 0002            __CFG_IESO$OFF 000000  
           ___param_bank 000010                    ?_main 0001                    ?_init 0001  
        __end_of___awdiv 7D00                    _CMCON 000FB4          ___awdiv@divisor 0003  
        ___awdiv@counter 0005                    _RCSTA 000FAB                    _SPBRG 000FAF  
                  _TXSTA 000FAC           __CFG_FCMEN$OFF 000000                    status 000FD8  
        __initialization 7BA6             __end_of_main 7C00             __end_of_init 7BD2  
                 ??_main 000E                   ??_init 0001            __activetblptr 000000  
                 _ADCON1 000FC1         ___awdiv@dividend 0001                   _TRISC6 007CA6  
                 _TRISC7 007CA7                ??___awdiv 0005         ___awdiv@quotient 0007  
             __accesstop 0060  __end_of__initialization 7BA6            ___rparam_used 000001  
         __pcstackCOMRAM 0001       __size_of_delayInMs 007C                  _INTCON2 000FF1  
      __end_of_delayInMs 7C7C                  __Hparam 0000                  __Lparam 0000  
                ___awdiv 7C7C                  __pcinit 7BA6                  __ramtop 0800  
                __ptext0 7BD2                  __ptext1 7BAC                  __ptext2 7C00  
                __ptext3 7C7C               delayInMs@i 000C     end_of_initialization 7BA6  
              _TRISCbits 000F94                _TRISEbits 000F96      start_initialization 7BA6  
              _delayInMs 7C00                 ?___awdiv 0001                 _LATCbits 000F8B  
               _LATEbits 000F8D               ?_delayInMs 0009               _ADCON0bits 000FC2  
               __Hrparam 0000                 __Lrparam 0000         __size_of___awdiv 0084  
  __CFG_FOSC$INTOSCIO_EC 000000            __size_of_main 002E            __size_of_init 0026  
            delayInMs@ms 0009              ??_delayInMs 000B  
